[2024-12-18 17:30:11.294] [info] This file will contain all warnings and errors of the analysis
[2024-12-18 17:30:11.295] [error] No such file: "inst/app/rasters/2024_12_11_SDM_100m_Bowen_Island/Amphibian_mask/Ambystoma.gracile_BowenIsland_100m.tif" in "/home/jay/Programming_Projects/bowen.biodiversity.webapp/inst/app/zonation/zonation_input/features.txt" line 2
[2024-12-18 17:30:11.296] [error] No such file: "inst/app/rasters/2024_12_11_SDM_100m_Bowen_Island/Amphibian_mask/Ambystoma.macrodactylum_BowenIsland_100m.tif" in "/home/jay/Programming_Projects/bowen.biodiversity.webapp/inst/app/zonation/zonation_input/features.txt" line 3
[2024-12-18 17:30:11.296] [error] No such file: "inst/app/rasters/2024_12_11_SDM_100m_Bowen_Island/Amphibian_mask/Pseudacris.regilla_BowenIsland_100m.tif" in "/home/jay/Programming_Projects/bowen.biodiversity.webapp/inst/app/zonation/zonation_input/features.txt" line 4
[2024-12-18 17:30:11.296] [error] No such file: "inst/app/rasters/2024_12_11_SDM_100m_Bowen_Island/Amphibian_mask/Rana.aurora_BowenIsland_100m.tif" in "/home/jay/Programming_Projects/bowen.biodiversity.webapp/inst/app/zonation/zonation_input/features.txt" line 5
[2024-12-18 17:30:11.296] [error] No such file: "inst/app/rasters/2024_12_11_SDM_100m_Bowen_Island/Amphibian_mask/Taricha.granulosa_BowenIsland_100m.tif" in "/home/jay/Programming_Projects/bowen.biodiversity.webapp/inst/app/zonation/zonation_input/features.txt" line 6
[2024-12-18 17:30:11.296] [error] No such file: "inst/app/rasters/2024_12_11_SDM_100m_Bowen_Island/Bird_mask/Accipiter.cooperii_BowenIsland_100m.tif" in "/home/jay/Programming_Projects/bowen.biodiversity.webapp/inst/app/zonation/zonation_input/features.txt" line 7
[2024-12-18 17:30:11.296] [error] No such file: "inst/app/rasters/2024_12_11_SDM_100m_Bowen_Island/Bird_mask/Accipiter.striatus_BowenIsland_100m.tif" in "/home/jay/Programming_Projects/bowen.biodiversity.webapp/inst/app/zonation/zonation_input/features.txt" line 8
[2024-12-18 17:30:11.296] [error] No such file: "inst/app/rasters/2024_12_11_SDM_100m_Bowen_Island/Bird_mask/Actitis.macularius_BowenIsland_100m.tif" in "/home/jay/Programming_Projects/bowen.biodiversity.webapp/inst/app/zonation/zonation_input/features.txt" line 9
[2024-12-18 17:30:11.296] [error] No such file: "inst/app/rasters/2024_12_11_SDM_100m_Bowen_Island/Bird_mask/Aechmophorus.occidentalis_BowenIsland_100m.tif" in "/home/jay/Programming_Projects/bowen.biodiversity.webapp/inst/app/zonation/zonation_input/features.txt" line 10
[2024-12-18 17:30:11.296] [error] No such file: "inst/app/rasters/2024_12_11_SDM_100m_Bowen_Island/Bird_mask/Agelaius.phoeniceus_BowenIsland_100m.tif" in "/home/jay/Programming_Projects/bowen.biodiversity.webapp/inst/app/zonation/zonation_input/features.txt" line 11
[2024-12-18 17:30:11.296] [error] No such file: "inst/app/rasters/2024_12_11_SDM_100m_Bowen_Island/Bird_mask/Aix.sponsa_BowenIsland_100m.tif" in "/home/jay/Programming_Projects/bowen.biodiversity.webapp/inst/app/zonation/zonation_input/features.txt" line 12
[2024-12-18 17:30:11.296] [error] No such file: "inst/app/rasters/2024_12_11_SDM_100m_Bowen_Island/Bird_mask/Anas.acuta_BowenIsland_100m.tif" in "/home/jay/Programming_Projects/bowen.biodiversity.webapp/inst/app/zonation/zonation_input/features.txt" line 13
[2024-12-18 17:30:11.296] [error] No such file: "inst/app/rasters/2024_12_11_SDM_100m_Bowen_Island/Bird_mask/Anas.americana_BowenIsland_100m.tif" in "/home/jay/Programming_Projects/bowen.biodiversity.webapp/inst/app/zonation/zonation_input/features.txt" line 14
[2024-12-18 17:30:11.296] [error] No such file: "inst/app/rasters/2024_12_11_SDM_100m_Bowen_Island/Bird_mask/Anas.clypeata_BowenIsland_100m.tif" in "/home/jay/Programming_Projects/bowen.biodiversity.webapp/inst/app/zonation/zonation_input/features.txt" line 15
[2024-12-18 17:30:11.296] [error] No such file: "inst/app/rasters/2024_12_11_SDM_100m_Bowen_Island/Bird_mask/Anas.crecca_BowenIsland_100m.tif" in "/home/jay/Programming_Projects/bowen.biodiversity.webapp/inst/app/zonation/zonation_input/features.txt" line 16
[2024-12-18 17:30:11.296] [error] No such file: "inst/app/rasters/2024_12_11_SDM_100m_Bowen_Island/Bird_mask/Anas.cyanoptera_BowenIsland_100m.tif" in "/home/jay/Programming_Projects/bowen.biodiversity.webapp/inst/app/zonation/zonation_input/features.txt" line 17
[2024-12-18 17:30:11.296] [error] No such file: "inst/app/rasters/2024_12_11_SDM_100m_Bowen_Island/Bird_mask/Anas.discors_BowenIsland_100m.tif" in "/home/jay/Programming_Projects/bowen.biodiversity.webapp/inst/app/zonation/zonation_input/features.txt" line 18
[2024-12-18 17:30:11.296] [error] No such file: "inst/app/rasters/2024_12_11_SDM_100m_Bowen_Island/Bird_mask/Anas.penelope_BowenIsland_100m.tif" in "/home/jay/Programming_Projects/bowen.biodiversity.webapp/inst/app/zonation/zonation_input/features.txt" line 19
[2024-12-18 17:30:11.296] [error] No such file: "inst/app/rasters/2024_12_11_SDM_100m_Bowen_Island/Bird_mask/Anas.platyrhynchos_BowenIsland_100m.tif" in "/home/jay/Programming_Projects/bowen.biodiversity.webapp/inst/app/zonation/zonation_input/features.txt" line 20
[2024-12-18 17:30:11.296] [error] No such file: "inst/app/rasters/2024_12_11_SDM_100m_Bowen_Island/Bird_mask/Anas.strepera_BowenIsland_100m.tif" in "/home/jay/Programming_Projects/bowen.biodiversity.webapp/inst/app/zonation/zonation_input/features.txt" line 21
[2024-12-18 17:30:11.296] [error] No such file: "inst/app/rasters/2024_12_11_SDM_100m_Bowen_Island/Bird_mask/Anser.albifrons_BowenIsland_100m.tif" in "/home/jay/Programming_Projects/bowen.biodiversity.webapp/inst/app/zonation/zonation_input/features.txt" line 22
[2024-12-18 17:30:11.296] [error] No such file: "inst/app/rasters/2024_12_11_SDM_100m_Bowen_Island/Bird_mask/Anthus.rubescens_BowenIsland_100m.tif" in "/home/jay/Programming_Projects/bowen.biodiversity.webapp/inst/app/zonation/zonation_input/features.txt" line 23
[2024-12-18 17:30:11.296] [error] No such file: "inst/app/rasters/2024_12_11_SDM_100m_Bowen_Island/Bird_mask/Ardea.herodias_BowenIsland_100m.tif" in "/home/jay/Programming_Projects/bowen.biodiversity.webapp/inst/app/zonation/zonation_input/features.txt" line 24
[2024-12-18 17:30:11.296] [error] No such file: "inst/app/rasters/2024_12_11_SDM_100m_Bowen_Island/Bird_mask/Arenaria.melanocephala_BowenIsland_100m.tif" in "/home/jay/Programming_Projects/bowen.biodiversity.webapp/inst/app/zonation/zonation_input/features.txt" line 25
[2024-12-18 17:30:11.296] [error] No such file: "inst/app/rasters/2024_12_11_SDM_100m_Bowen_Island/Bird_mask/Aythya.affinis_BowenIsland_100m.tif" in "/home/jay/Programming_Projects/bowen.biodiversity.webapp/inst/app/zonation/zonation_input/features.txt" line 26
[2024-12-18 17:30:11.296] [error] No such file: "inst/app/rasters/2024_12_11_SDM_100m_Bowen_Island/Bird_mask/Aythya.americana_BowenIsland_100m.tif" in "/home/jay/Programming_Projects/bowen.biodiversity.webapp/inst/app/zonation/zonation_input/features.txt" line 27
[2024-12-18 17:30:11.296] [error] No such file: "inst/app/rasters/2024_12_11_SDM_100m_Bowen_Island/Bird_mask/Aythya.collaris_BowenIsland_100m.tif" in "/home/jay/Programming_Projects/bowen.biodiversity.webapp/inst/app/zonation/zonation_input/features.txt" line 28
[2024-12-18 17:30:11.296] [error] No such file: "inst/app/rasters/2024_12_11_SDM_100m_Bowen_Island/Bird_mask/Aythya.marila_BowenIsland_100m.tif" in "/home/jay/Programming_Projects/bowen.biodiversity.webapp/inst/app/zonation/zonation_input/features.txt" line 29
[2024-12-18 17:30:11.296] [error] No such file: "inst/app/rasters/2024_12_11_SDM_100m_Bowen_Island/Bird_mask/Bombycilla.cedrorum_BowenIsland_100m.tif" in "/home/jay/Programming_Projects/bowen.biodiversity.webapp/inst/app/zonation/zonation_input/features.txt" line 30
[2024-12-18 17:30:11.296] [error] No such file: "inst/app/rasters/2024_12_11_SDM_100m_Bowen_Island/Bird_mask/Brachyramphus.marmoratus_BowenIsland_100m.tif" in "/home/jay/Programming_Projects/bowen.biodiversity.webapp/inst/app/zonation/zonation_input/features.txt" line 31
[2024-12-18 17:30:11.296] [error] No such file: "inst/app/rasters/2024_12_11_SDM_100m_Bowen_Island/Bird_mask/Branta.bernicla_BowenIsland_100m.tif" in "/home/jay/Programming_Projects/bowen.biodiversity.webapp/inst/app/zonation/zonation_input/features.txt" line 32
[2024-12-18 17:30:11.296] [error] No such file: "inst/app/rasters/2024_12_11_SDM_100m_Bowen_Island/Bird_mask/Branta.canadensis_BowenIsland_100m.tif" in "/home/jay/Programming_Projects/bowen.biodiversity.webapp/inst/app/zonation/zonation_input/features.txt" line 33
[2024-12-18 17:30:11.296] [error] No such file: "inst/app/rasters/2024_12_11_SDM_100m_Bowen_Island/Bird_mask/Branta.hutchinsii_BowenIsland_100m.tif" in "/home/jay/Programming_Projects/bowen.biodiversity.webapp/inst/app/zonation/zonation_input/features.txt" line 34
[2024-12-18 17:30:11.296] [error] No such file: "inst/app/rasters/2024_12_11_SDM_100m_Bowen_Island/Bird_mask/Bubo.virginianus_BowenIsland_100m.tif" in "/home/jay/Programming_Projects/bowen.biodiversity.webapp/inst/app/zonation/zonation_input/features.txt" line 35
[2024-12-18 17:30:11.296] [error] No such file: "inst/app/rasters/2024_12_11_SDM_100m_Bowen_Island/Bird_mask/Bucephala.albeola_BowenIsland_100m.tif" in "/home/jay/Programming_Projects/bowen.biodiversity.webapp/inst/app/zonation/zonation_input/features.txt" line 36
[2024-12-18 17:30:11.296] [error] No such file: "inst/app/rasters/2024_12_11_SDM_100m_Bowen_Island/Bird_mask/Bucephala.clangula_BowenIsland_100m.tif" in "/home/jay/Programming_Projects/bowen.biodiversity.webapp/inst/app/zonation/zonation_input/features.txt" line 37
[2024-12-18 17:30:11.296] [error] No such file: "inst/app/rasters/2024_12_11_SDM_100m_Bowen_Island/Bird_mask/Bucephala.islandica_BowenIsland_100m.tif" in "/home/jay/Programming_Projects/bowen.biodiversity.webapp/inst/app/zonation/zonation_input/features.txt" line 38
[2024-12-18 17:30:11.296] [error] No such file: "inst/app/rasters/2024_12_11_SDM_100m_Bowen_Island/Bird_mask/Buteo.jamaicensis_BowenIsland_100m.tif" in "/home/jay/Programming_Projects/bowen.biodiversity.webapp/inst/app/zonation/zonation_input/features.txt" line 39
[2024-12-18 17:30:11.296] [error] No such file: "inst/app/rasters/2024_12_11_SDM_100m_Bowen_Island/Bird_mask/Calidris.alpina_BowenIsland_100m.tif" in "/home/jay/Programming_Projects/bowen.biodiversity.webapp/inst/app/zonation/zonation_input/features.txt" line 40
[2024-12-18 17:30:11.296] [error] No such file: "inst/app/rasters/2024_12_11_SDM_100m_Bowen_Island/Bird_mask/Calidris.mauri_BowenIsland_100m.tif" in "/home/jay/Programming_Projects/bowen.biodiversity.webapp/inst/app/zonation/zonation_input/features.txt" line 41
[2024-12-18 17:30:11.296] [error] No such file: "inst/app/rasters/2024_12_11_SDM_100m_Bowen_Island/Bird_mask/Calidris.melanotos_BowenIsland_100m.tif" in "/home/jay/Programming_Projects/bowen.biodiversity.webapp/inst/app/zonation/zonation_input/features.txt" line 42
[2024-12-18 17:30:11.296] [error] No such file: "inst/app/rasters/2024_12_11_SDM_100m_Bowen_Island/Bird_mask/Calidris.minutilla_BowenIsland_100m.tif" in "/home/jay/Programming_Projects/bowen.biodiversity.webapp/inst/app/zonation/zonation_input/features.txt" line 43
[2024-12-18 17:30:11.296] [error] No such file: "inst/app/rasters/2024_12_11_SDM_100m_Bowen_Island/Bird_mask/Calypte.anna_BowenIsland_100m.tif" in "/home/jay/Programming_Projects/bowen.biodiversity.webapp/inst/app/zonation/zonation_input/features.txt" line 44
[2024-12-18 17:30:11.296] [error] No such file: "inst/app/rasters/2024_12_11_SDM_100m_Bowen_Island/Bird_mask/Cardellina.pusilla_BowenIsland_100m.tif" in "/home/jay/Programming_Projects/bowen.biodiversity.webapp/inst/app/zonation/zonation_input/features.txt" line 45
[2024-12-18 17:30:11.296] [error] No such file: "inst/app/rasters/2024_12_11_SDM_100m_Bowen_Island/Bird_mask/Carduelis.flammea_BowenIsland_100m.tif" in "/home/jay/Programming_Projects/bowen.biodiversity.webapp/inst/app/zonation/zonation_input/features.txt" line 46
[2024-12-18 17:30:11.296] [error] No such file: "inst/app/rasters/2024_12_11_SDM_100m_Bowen_Island/Bird_mask/Carduelis.pinus_BowenIsland_100m.tif" in "/home/jay/Programming_Projects/bowen.biodiversity.webapp/inst/app/zonation/zonation_input/features.txt" line 47
[2024-12-18 17:30:11.296] [error] No such file: "inst/app/rasters/2024_12_11_SDM_100m_Bowen_Island/Bird_mask/Carduelis.tristis_BowenIsland_100m.tif" in "/home/jay/Programming_Projects/bowen.biodiversity.webapp/inst/app/zonation/zonation_input/features.txt" line 48
[2024-12-18 17:30:11.296] [error] No such file: "inst/app/rasters/2024_12_11_SDM_100m_Bowen_Island/Bird_mask/Carpodacus.mexicanus_BowenIsland_100m.tif" in "/home/jay/Programming_Projects/bowen.biodiversity.webapp/inst/app/zonation/zonation_input/features.txt" line 49
[2024-12-18 17:30:11.296] [error] No such file: "inst/app/rasters/2024_12_11_SDM_100m_Bowen_Island/Bird_mask/Carpodacus.purpureus_BowenIsland_100m.tif" in "/home/jay/Programming_Projects/bowen.biodiversity.webapp/inst/app/zonation/zonation_input/features.txt" line 50
[2024-12-18 17:30:11.296] [error] No such file: "inst/app/rasters/2024_12_11_SDM_100m_Bowen_Island/Bird_mask/Cathartes.aura_BowenIsland_100m.tif" in "/home/jay/Programming_Projects/bowen.biodiversity.webapp/inst/app/zonation/zonation_input/features.txt" line 51
[2024-12-18 17:30:11.296] [error] No such file: "inst/app/rasters/2024_12_11_SDM_100m_Bowen_Island/Bird_mask/Catharus.guttatus_BowenIsland_100m.tif" in "/home/jay/Programming_Projects/bowen.biodiversity.webapp/inst/app/zonation/zonation_input/features.txt" line 52
[2024-12-18 17:30:11.296] [error] No such file: "inst/app/rasters/2024_12_11_SDM_100m_Bowen_Island/Bird_mask/Catharus.ustulatus_BowenIsland_100m.tif" in "/home/jay/Programming_Projects/bowen.biodiversity.webapp/inst/app/zonation/zonation_input/features.txt" line 53
[2024-12-18 17:30:11.296] [error] No such file: "inst/app/rasters/2024_12_11_SDM_100m_Bowen_Island/Bird_mask/Cepphus.columba_BowenIsland_100m.tif" in "/home/jay/Programming_Projects/bowen.biodiversity.webapp/inst/app/zonation/zonation_input/features.txt" line 54
[2024-12-18 17:30:11.296] [error] No such file: "inst/app/rasters/2024_12_11_SDM_100m_Bowen_Island/Bird_mask/Cerorhinca.monocerata_BowenIsland_100m.tif" in "/home/jay/Programming_Projects/bowen.biodiversity.webapp/inst/app/zonation/zonation_input/features.txt" line 55
[2024-12-18 17:30:11.296] [error] No such file: "inst/app/rasters/2024_12_11_SDM_100m_Bowen_Island/Bird_mask/Certhia.americana_BowenIsland_100m.tif" in "/home/jay/Programming_Projects/bowen.biodiversity.webapp/inst/app/zonation/zonation_input/features.txt" line 56
[2024-12-18 17:30:11.296] [error] No such file: "inst/app/rasters/2024_12_11_SDM_100m_Bowen_Island/Bird_mask/Chaetura.vauxi_BowenIsland_100m.tif" in "/home/jay/Programming_Projects/bowen.biodiversity.webapp/inst/app/zonation/zonation_input/features.txt" line 57
[2024-12-18 17:30:11.296] [error] No such file: "inst/app/rasters/2024_12_11_SDM_100m_Bowen_Island/Bird_mask/Charadrius.vociferus_BowenIsland_100m.tif" in "/home/jay/Programming_Projects/bowen.biodiversity.webapp/inst/app/zonation/zonation_input/features.txt" line 58
[2024-12-18 17:30:11.296] [error] No such file: "inst/app/rasters/2024_12_11_SDM_100m_Bowen_Island/Bird_mask/Chen.caerulescens_BowenIsland_100m.tif" in "/home/jay/Programming_Projects/bowen.biodiversity.webapp/inst/app/zonation/zonation_input/features.txt" line 59
[2024-12-18 17:30:11.296] [error] No such file: "inst/app/rasters/2024_12_11_SDM_100m_Bowen_Island/Bird_mask/Chordeiles.minor_BowenIsland_100m.tif" in "/home/jay/Programming_Projects/bowen.biodiversity.webapp/inst/app/zonation/zonation_input/features.txt" line 60
[2024-12-18 17:30:11.296] [error] No such file: "inst/app/rasters/2024_12_11_SDM_100m_Bowen_Island/Bird_mask/Chroicocephalus.philadelphia_BowenIsland_100m.tif" in "/home/jay/Programming_Projects/bowen.biodiversity.webapp/inst/app/zonation/zonation_input/features.txt" line 61
[2024-12-18 17:30:11.296] [error] No such file: "inst/app/rasters/2024_12_11_SDM_100m_Bowen_Island/Bird_mask/Circus.cyaneus_BowenIsland_100m.tif" in "/home/jay/Programming_Projects/bowen.biodiversity.webapp/inst/app/zonation/zonation_input/features.txt" line 62
[2024-12-18 17:30:11.296] [error] No such file: "inst/app/rasters/2024_12_11_SDM_100m_Bowen_Island/Bird_mask/Cistothorus.palustris_BowenIsland_100m.tif" in "/home/jay/Programming_Projects/bowen.biodiversity.webapp/inst/app/zonation/zonation_input/features.txt" line 63
[2024-12-18 17:30:11.296] [error] No such file: "inst/app/rasters/2024_12_11_SDM_100m_Bowen_Island/Bird_mask/Clangula.hyemalis_BowenIsland_100m.tif" in "/home/jay/Programming_Projects/bowen.biodiversity.webapp/inst/app/zonation/zonation_input/features.txt" line 64
[2024-12-18 17:30:11.296] [error] No such file: "inst/app/rasters/2024_12_11_SDM_100m_Bowen_Island/Bird_mask/Coccothraustes.vespertinus_BowenIsland_100m.tif" in "/home/jay/Programming_Projects/bowen.biodiversity.webapp/inst/app/zonation/zonation_input/features.txt" line 65
[2024-12-18 17:30:11.296] [error] No such file: "inst/app/rasters/2024_12_11_SDM_100m_Bowen_Island/Bird_mask/Colaptes.auratus_BowenIsland_100m.tif" in "/home/jay/Programming_Projects/bowen.biodiversity.webapp/inst/app/zonation/zonation_input/features.txt" line 66
[2024-12-18 17:30:11.296] [error] No such file: "inst/app/rasters/2024_12_11_SDM_100m_Bowen_Island/Bird_mask/Contopus.cooperi_BowenIsland_100m.tif" in "/home/jay/Programming_Projects/bowen.biodiversity.webapp/inst/app/zonation/zonation_input/features.txt" line 67
[2024-12-18 17:30:11.296] [error] No such file: "inst/app/rasters/2024_12_11_SDM_100m_Bowen_Island/Bird_mask/Contopus.sordidulus_BowenIsland_100m.tif" in "/home/jay/Programming_Projects/bowen.biodiversity.webapp/inst/app/zonation/zonation_input/features.txt" line 68
[2024-12-18 17:30:11.296] [error] No such file: "inst/app/rasters/2024_12_11_SDM_100m_Bowen_Island/Bird_mask/Corvus.brachyrhynchos_BowenIsland_100m.tif" in "/home/jay/Programming_Projects/bowen.biodiversity.webapp/inst/app/zonation/zonation_input/features.txt" line 69
[2024-12-18 17:30:11.296] [error] No such file: "inst/app/rasters/2024_12_11_SDM_100m_Bowen_Island/Bird_mask/Corvus.caurinus_BowenIsland_100m.tif" in "/home/jay/Programming_Projects/bowen.biodiversity.webapp/inst/app/zonation/zonation_input/features.txt" line 70
[2024-12-18 17:30:11.296] [error] No such file: "inst/app/rasters/2024_12_11_SDM_100m_Bowen_Island/Bird_mask/Corvus.corax_BowenIsland_100m.tif" in "/home/jay/Programming_Projects/bowen.biodiversity.webapp/inst/app/zonation/zonation_input/features.txt" line 71
[2024-12-18 17:30:11.296] [error] No such file: "inst/app/rasters/2024_12_11_SDM_100m_Bowen_Island/Bird_mask/Cyanocitta.stelleri_BowenIsland_100m.tif" in "/home/jay/Programming_Projects/bowen.biodiversity.webapp/inst/app/zonation/zonation_input/features.txt" line 72
[2024-12-18 17:30:11.296] [error] No such file: "inst/app/rasters/2024_12_11_SDM_100m_Bowen_Island/Bird_mask/Cygnus.buccinator_BowenIsland_100m.tif" in "/home/jay/Programming_Projects/bowen.biodiversity.webapp/inst/app/zonation/zonation_input/features.txt" line 73
[2024-12-18 17:30:11.296] [error] No such file: "inst/app/rasters/2024_12_11_SDM_100m_Bowen_Island/Bird_mask/Cygnus.columbianus_BowenIsland_100m.tif" in "/home/jay/Programming_Projects/bowen.biodiversity.webapp/inst/app/zonation/zonation_input/features.txt" line 74
[2024-12-18 17:30:11.296] [error] No such file: "inst/app/rasters/2024_12_11_SDM_100m_Bowen_Island/Bird_mask/Cypseloides.niger_BowenIsland_100m.tif" in "/home/jay/Programming_Projects/bowen.biodiversity.webapp/inst/app/zonation/zonation_input/features.txt" line 75
[2024-12-18 17:30:11.296] [error] No such file: "inst/app/rasters/2024_12_11_SDM_100m_Bowen_Island/Bird_mask/Dendragapus.fuliginosus_BowenIsland_100m.tif" in "/home/jay/Programming_Projects/bowen.biodiversity.webapp/inst/app/zonation/zonation_input/features.txt" line 76
[2024-12-18 17:30:11.296] [error] No such file: "inst/app/rasters/2024_12_11_SDM_100m_Bowen_Island/Bird_mask/Dendroica.petechia_BowenIsland_100m.tif" in "/home/jay/Programming_Projects/bowen.biodiversity.webapp/inst/app/zonation/zonation_input/features.txt" line 77
[2024-12-18 17:30:11.296] [error] No such file: "inst/app/rasters/2024_12_11_SDM_100m_Bowen_Island/Bird_mask/Dendroica.townsendi_BowenIsland_100m.tif" in "/home/jay/Programming_Projects/bowen.biodiversity.webapp/inst/app/zonation/zonation_input/features.txt" line 78
[2024-12-18 17:30:11.296] [error] No such file: "inst/app/rasters/2024_12_11_SDM_100m_Bowen_Island/Bird_mask/Dryocopus.pileatus_BowenIsland_100m.tif" in "/home/jay/Programming_Projects/bowen.biodiversity.webapp/inst/app/zonation/zonation_input/features.txt" line 79
[2024-12-18 17:30:11.296] [error] No such file: "inst/app/rasters/2024_12_11_SDM_100m_Bowen_Island/Bird_mask/Dumetella.carolinensis_BowenIsland_100m.tif" in "/home/jay/Programming_Projects/bowen.biodiversity.webapp/inst/app/zonation/zonation_input/features.txt" line 80
[2024-12-18 17:30:11.296] [error] No such file: "inst/app/rasters/2024_12_11_SDM_100m_Bowen_Island/Bird_mask/Empidonax.difficilis_BowenIsland_100m.tif" in "/home/jay/Programming_Projects/bowen.biodiversity.webapp/inst/app/zonation/zonation_input/features.txt" line 81
[2024-12-18 17:30:11.296] [error] No such file: "inst/app/rasters/2024_12_11_SDM_100m_Bowen_Island/Bird_mask/Empidonax.hammondii_BowenIsland_100m.tif" in "/home/jay/Programming_Projects/bowen.biodiversity.webapp/inst/app/zonation/zonation_input/features.txt" line 82
[2024-12-18 17:30:11.296] [error] No such file: "inst/app/rasters/2024_12_11_SDM_100m_Bowen_Island/Bird_mask/Empidonax.traillii_BowenIsland_100m.tif" in "/home/jay/Programming_Projects/bowen.biodiversity.webapp/inst/app/zonation/zonation_input/features.txt" line 83
[2024-12-18 17:30:11.296] [error] No such file: "inst/app/rasters/2024_12_11_SDM_100m_Bowen_Island/Bird_mask/Euphagus.cyanocephalus_BowenIsland_100m.tif" in "/home/jay/Programming_Projects/bowen.biodiversity.webapp/inst/app/zonation/zonation_input/features.txt" line 84
[2024-12-18 17:30:11.296] [error] No such file: "inst/app/rasters/2024_12_11_SDM_100m_Bowen_Island/Bird_mask/Falco.columbarius_BowenIsland_100m.tif" in "/home/jay/Programming_Projects/bowen.biodiversity.webapp/inst/app/zonation/zonation_input/features.txt" line 85
[2024-12-18 17:30:11.296] [error] No such file: "inst/app/rasters/2024_12_11_SDM_100m_Bowen_Island/Bird_mask/Falco.peregrinus_BowenIsland_100m.tif" in "/home/jay/Programming_Projects/bowen.biodiversity.webapp/inst/app/zonation/zonation_input/features.txt" line 86
[2024-12-18 17:30:11.296] [error] No such file: "inst/app/rasters/2024_12_11_SDM_100m_Bowen_Island/Bird_mask/Falco.sparverius_BowenIsland_100m.tif" in "/home/jay/Programming_Projects/bowen.biodiversity.webapp/inst/app/zonation/zonation_input/features.txt" line 87
[2024-12-18 17:30:11.296] [error] No such file: "inst/app/rasters/2024_12_11_SDM_100m_Bowen_Island/Bird_mask/Fulica.americana_BowenIsland_100m.tif" in "/home/jay/Programming_Projects/bowen.biodiversity.webapp/inst/app/zonation/zonation_input/features.txt" line 88
[2024-12-18 17:30:11.296] [error] No such file: "inst/app/rasters/2024_12_11_SDM_100m_Bowen_Island/Bird_mask/Gallinago.delicata_BowenIsland_100m.tif" in "/home/jay/Programming_Projects/bowen.biodiversity.webapp/inst/app/zonation/zonation_input/features.txt" line 89
[2024-12-18 17:30:11.296] [error] No such file: "inst/app/rasters/2024_12_11_SDM_100m_Bowen_Island/Bird_mask/Gavia.immer_BowenIsland_100m.tif" in "/home/jay/Programming_Projects/bowen.biodiversity.webapp/inst/app/zonation/zonation_input/features.txt" line 90
[2024-12-18 17:30:11.296] [error] No such file: "inst/app/rasters/2024_12_11_SDM_100m_Bowen_Island/Bird_mask/Gavia.pacifica_BowenIsland_100m.tif" in "/home/jay/Programming_Projects/bowen.biodiversity.webapp/inst/app/zonation/zonation_input/features.txt" line 91
[2024-12-18 17:30:11.296] [error] No such file: "inst/app/rasters/2024_12_11_SDM_100m_Bowen_Island/Bird_mask/Gavia.stellata_BowenIsland_100m.tif" in "/home/jay/Programming_Projects/bowen.biodiversity.webapp/inst/app/zonation/zonation_input/features.txt" line 92
[2024-12-18 17:30:11.296] [error] No such file: "inst/app/rasters/2024_12_11_SDM_100m_Bowen_Island/Bird_mask/Geothlypis.tolmiei_BowenIsland_100m.tif" in "/home/jay/Programming_Projects/bowen.biodiversity.webapp/inst/app/zonation/zonation_input/features.txt" line 93
[2024-12-18 17:30:11.296] [error] No such file: "inst/app/rasters/2024_12_11_SDM_100m_Bowen_Island/Bird_mask/Geothlypis.trichas_BowenIsland_100m.tif" in "/home/jay/Programming_Projects/bowen.biodiversity.webapp/inst/app/zonation/zonation_input/features.txt" line 94
[2024-12-18 17:30:11.296] [error] No such file: "inst/app/rasters/2024_12_11_SDM_100m_Bowen_Island/Bird_mask/Glaucidium.gnoma_BowenIsland_100m.tif" in "/home/jay/Programming_Projects/bowen.biodiversity.webapp/inst/app/zonation/zonation_input/features.txt" line 95
[2024-12-18 17:30:11.296] [error] No such file: "inst/app/rasters/2024_12_11_SDM_100m_Bowen_Island/Bird_mask/Grus.canadensis_BowenIsland_100m.tif" in "/home/jay/Programming_Projects/bowen.biodiversity.webapp/inst/app/zonation/zonation_input/features.txt" line 96
[2024-12-18 17:30:11.296] [error] No such file: "inst/app/rasters/2024_12_11_SDM_100m_Bowen_Island/Bird_mask/Haematopus.bachmani_BowenIsland_100m.tif" in "/home/jay/Programming_Projects/bowen.biodiversity.webapp/inst/app/zonation/zonation_input/features.txt" line 97
[2024-12-18 17:30:11.296] [error] No such file: "inst/app/rasters/2024_12_11_SDM_100m_Bowen_Island/Bird_mask/Haliaeetus.leucocephalus_BowenIsland_100m.tif" in "/home/jay/Programming_Projects/bowen.biodiversity.webapp/inst/app/zonation/zonation_input/features.txt" line 98
[2024-12-18 17:30:11.296] [error] No such file: "inst/app/rasters/2024_12_11_SDM_100m_Bowen_Island/Bird_mask/Hirundo.rustica_BowenIsland_100m.tif" in "/home/jay/Programming_Projects/bowen.biodiversity.webapp/inst/app/zonation/zonation_input/features.txt" line 99
[2024-12-18 17:30:11.296] [error] No such file: "inst/app/rasters/2024_12_11_SDM_100m_Bowen_Island/Bird_mask/Histrionicus.histrionicus_BowenIsland_100m.tif" in "/home/jay/Programming_Projects/bowen.biodiversity.webapp/inst/app/zonation/zonation_input/features.txt" line 100
[2024-12-18 17:30:11.296] [error] No such file: "inst/app/rasters/2024_12_11_SDM_100m_Bowen_Island/Bird_mask/Hydroprogne.caspia_BowenIsland_100m.tif" in "/home/jay/Programming_Projects/bowen.biodiversity.webapp/inst/app/zonation/zonation_input/features.txt" line 101
[2024-12-18 17:30:11.296] [error] No such file: "inst/app/rasters/2024_12_11_SDM_100m_Bowen_Island/Bird_mask/Icterus.bullockii_BowenIsland_100m.tif" in "/home/jay/Programming_Projects/bowen.biodiversity.webapp/inst/app/zonation/zonation_input/features.txt" line 102
[2024-12-18 17:30:11.296] [error] No such file: "inst/app/rasters/2024_12_11_SDM_100m_Bowen_Island/Bird_mask/Ixoreus.naevius_BowenIsland_100m.tif" in "/home/jay/Programming_Projects/bowen.biodiversity.webapp/inst/app/zonation/zonation_input/features.txt" line 103
[2024-12-18 17:30:11.296] [error] No such file: "inst/app/rasters/2024_12_11_SDM_100m_Bowen_Island/Bird_mask/Junco.hyemalis_BowenIsland_100m.tif" in "/home/jay/Programming_Projects/bowen.biodiversity.webapp/inst/app/zonation/zonation_input/features.txt" line 104
[2024-12-18 17:30:11.296] [error] No such file: "inst/app/rasters/2024_12_11_SDM_100m_Bowen_Island/Bird_mask/Larus.argentatus_BowenIsland_100m.tif" in "/home/jay/Programming_Projects/bowen.biodiversity.webapp/inst/app/zonation/zonation_input/features.txt" line 105
[2024-12-18 17:30:11.297] [error] No such file: "inst/app/rasters/2024_12_11_SDM_100m_Bowen_Island/Bird_mask/Larus.californicus_BowenIsland_100m.tif" in "/home/jay/Programming_Projects/bowen.biodiversity.webapp/inst/app/zonation/zonation_input/features.txt" line 106
[2024-12-18 17:30:11.297] [error] No such file: "inst/app/rasters/2024_12_11_SDM_100m_Bowen_Island/Bird_mask/Larus.canus_BowenIsland_100m.tif" in "/home/jay/Programming_Projects/bowen.biodiversity.webapp/inst/app/zonation/zonation_input/features.txt" line 107
[2024-12-18 17:30:11.297] [error] No such file: "inst/app/rasters/2024_12_11_SDM_100m_Bowen_Island/Bird_mask/Larus.delawarensis_BowenIsland_100m.tif" in "/home/jay/Programming_Projects/bowen.biodiversity.webapp/inst/app/zonation/zonation_input/features.txt" line 108
[2024-12-18 17:30:11.297] [error] No such file: "inst/app/rasters/2024_12_11_SDM_100m_Bowen_Island/Bird_mask/Larus.glaucescens_BowenIsland_100m.tif" in "/home/jay/Programming_Projects/bowen.biodiversity.webapp/inst/app/zonation/zonation_input/features.txt" line 109
[2024-12-18 17:30:11.297] [error] No such file: "inst/app/rasters/2024_12_11_SDM_100m_Bowen_Island/Bird_mask/Larus.occidentalis_BowenIsland_100m.tif" in "/home/jay/Programming_Projects/bowen.biodiversity.webapp/inst/app/zonation/zonation_input/features.txt" line 110
[2024-12-18 17:30:11.297] [error] No such file: "inst/app/rasters/2024_12_11_SDM_100m_Bowen_Island/Bird_mask/Limnodromus.scolopaceus_BowenIsland_100m.tif" in "/home/jay/Programming_Projects/bowen.biodiversity.webapp/inst/app/zonation/zonation_input/features.txt" line 111
[2024-12-18 17:30:11.297] [error] No such file: "inst/app/rasters/2024_12_11_SDM_100m_Bowen_Island/Bird_mask/Lophodytes.cucullatus_BowenIsland_100m.tif" in "/home/jay/Programming_Projects/bowen.biodiversity.webapp/inst/app/zonation/zonation_input/features.txt" line 112
[2024-12-18 17:30:11.297] [error] No such file: "inst/app/rasters/2024_12_11_SDM_100m_Bowen_Island/Bird_mask/Loxia.curvirostra_BowenIsland_100m.tif" in "/home/jay/Programming_Projects/bowen.biodiversity.webapp/inst/app/zonation/zonation_input/features.txt" line 113
[2024-12-18 17:30:11.297] [error] No such file: "inst/app/rasters/2024_12_11_SDM_100m_Bowen_Island/Bird_mask/Megaceryle.alcyon_BowenIsland_100m.tif" in "/home/jay/Programming_Projects/bowen.biodiversity.webapp/inst/app/zonation/zonation_input/features.txt" line 114
[2024-12-18 17:30:11.297] [error] No such file: "inst/app/rasters/2024_12_11_SDM_100m_Bowen_Island/Bird_mask/Melanitta.fusca_BowenIsland_100m.tif" in "/home/jay/Programming_Projects/bowen.biodiversity.webapp/inst/app/zonation/zonation_input/features.txt" line 115
[2024-12-18 17:30:11.297] [error] No such file: "inst/app/rasters/2024_12_11_SDM_100m_Bowen_Island/Bird_mask/Melanitta.nigra_BowenIsland_100m.tif" in "/home/jay/Programming_Projects/bowen.biodiversity.webapp/inst/app/zonation/zonation_input/features.txt" line 116
[2024-12-18 17:30:11.297] [error] No such file: "inst/app/rasters/2024_12_11_SDM_100m_Bowen_Island/Bird_mask/Melanitta.perspicillata_BowenIsland_100m.tif" in "/home/jay/Programming_Projects/bowen.biodiversity.webapp/inst/app/zonation/zonation_input/features.txt" line 117
[2024-12-18 17:30:11.297] [error] No such file: "inst/app/rasters/2024_12_11_SDM_100m_Bowen_Island/Bird_mask/Melospiza.georgiana_BowenIsland_100m.tif" in "/home/jay/Programming_Projects/bowen.biodiversity.webapp/inst/app/zonation/zonation_input/features.txt" line 118
[2024-12-18 17:30:11.297] [error] No such file: "inst/app/rasters/2024_12_11_SDM_100m_Bowen_Island/Bird_mask/Melospiza.lincolnii_BowenIsland_100m.tif" in "/home/jay/Programming_Projects/bowen.biodiversity.webapp/inst/app/zonation/zonation_input/features.txt" line 119
[2024-12-18 17:30:11.297] [error] No such file: "inst/app/rasters/2024_12_11_SDM_100m_Bowen_Island/Bird_mask/Melospiza.melodia_BowenIsland_100m.tif" in "/home/jay/Programming_Projects/bowen.biodiversity.webapp/inst/app/zonation/zonation_input/features.txt" line 120
[2024-12-18 17:30:11.297] [error] No such file: "inst/app/rasters/2024_12_11_SDM_100m_Bowen_Island/Bird_mask/Mergus.serrator_BowenIsland_100m.tif" in "/home/jay/Programming_Projects/bowen.biodiversity.webapp/inst/app/zonation/zonation_input/features.txt" line 121
[2024-12-18 17:30:11.297] [error] No such file: "inst/app/rasters/2024_12_11_SDM_100m_Bowen_Island/Bird_mask/Molothrus.ater_BowenIsland_100m.tif" in "/home/jay/Programming_Projects/bowen.biodiversity.webapp/inst/app/zonation/zonation_input/features.txt" line 122
[2024-12-18 17:30:11.297] [error] No such file: "inst/app/rasters/2024_12_11_SDM_100m_Bowen_Island/Bird_mask/Myadestes.townsendi_BowenIsland_100m.tif" in "/home/jay/Programming_Projects/bowen.biodiversity.webapp/inst/app/zonation/zonation_input/features.txt" line 123
[2024-12-18 17:30:11.297] [error] No such file: "inst/app/rasters/2024_12_11_SDM_100m_Bowen_Island/Bird_mask/Oreothlypis.celata_BowenIsland_100m.tif" in "/home/jay/Programming_Projects/bowen.biodiversity.webapp/inst/app/zonation/zonation_input/features.txt" line 124
[2024-12-18 17:30:11.297] [error] No such file: "inst/app/rasters/2024_12_11_SDM_100m_Bowen_Island/Bird_mask/Oreothlypis.ruficapilla_BowenIsland_100m.tif" in "/home/jay/Programming_Projects/bowen.biodiversity.webapp/inst/app/zonation/zonation_input/features.txt" line 125
[2024-12-18 17:30:11.297] [error] No such file: "inst/app/rasters/2024_12_11_SDM_100m_Bowen_Island/Bird_mask/Oxyura.jamaicensis_BowenIsland_100m.tif" in "/home/jay/Programming_Projects/bowen.biodiversity.webapp/inst/app/zonation/zonation_input/features.txt" line 126
[2024-12-18 17:30:11.297] [error] No such file: "inst/app/rasters/2024_12_11_SDM_100m_Bowen_Island/Bird_mask/Pandion.haliaetus_BowenIsland_100m.tif" in "/home/jay/Programming_Projects/bowen.biodiversity.webapp/inst/app/zonation/zonation_input/features.txt" line 127
[2024-12-18 17:30:11.297] [error] No such file: "inst/app/rasters/2024_12_11_SDM_100m_Bowen_Island/Bird_mask/Passerculus.sandwichensis_BowenIsland_100m.tif" in "/home/jay/Programming_Projects/bowen.biodiversity.webapp/inst/app/zonation/zonation_input/features.txt" line 128
[2024-12-18 17:30:11.297] [error] No such file: "inst/app/rasters/2024_12_11_SDM_100m_Bowen_Island/Bird_mask/Passerella.iliaca_BowenIsland_100m.tif" in "/home/jay/Programming_Projects/bowen.biodiversity.webapp/inst/app/zonation/zonation_input/features.txt" line 129
[2024-12-18 17:30:11.297] [error] No such file: "inst/app/rasters/2024_12_11_SDM_100m_Bowen_Island/Bird_mask/Patagioenas.fasciata_BowenIsland_100m.tif" in "/home/jay/Programming_Projects/bowen.biodiversity.webapp/inst/app/zonation/zonation_input/features.txt" line 130
[2024-12-18 17:30:11.297] [error] No such file: "inst/app/rasters/2024_12_11_SDM_100m_Bowen_Island/Bird_mask/Peromyscus.keeni_BowenIsland_100m.tif" in "/home/jay/Programming_Projects/bowen.biodiversity.webapp/inst/app/zonation/zonation_input/features.txt" line 131
[2024-12-18 17:30:11.297] [error] No such file: "inst/app/rasters/2024_12_11_SDM_100m_Bowen_Island/Bird_mask/Peromyscus.maniculatus_BowenIsland_100m.tif" in "/home/jay/Programming_Projects/bowen.biodiversity.webapp/inst/app/zonation/zonation_input/features.txt" line 132
[2024-12-18 17:30:11.297] [error] No such file: "inst/app/rasters/2024_12_11_SDM_100m_Bowen_Island/Bird_mask/Petrochelidon.pyrrhonota_BowenIsland_100m.tif" in "/home/jay/Programming_Projects/bowen.biodiversity.webapp/inst/app/zonation/zonation_input/features.txt" line 133
[2024-12-18 17:30:11.297] [error] No such file: "inst/app/rasters/2024_12_11_SDM_100m_Bowen_Island/Bird_mask/Phalacrocorax.auritus_BowenIsland_100m.tif" in "/home/jay/Programming_Projects/bowen.biodiversity.webapp/inst/app/zonation/zonation_input/features.txt" line 134
[2024-12-18 17:30:11.297] [error] No such file: "inst/app/rasters/2024_12_11_SDM_100m_Bowen_Island/Bird_mask/Phalacrocorax.pelagicus_BowenIsland_100m.tif" in "/home/jay/Programming_Projects/bowen.biodiversity.webapp/inst/app/zonation/zonation_input/features.txt" line 135
[2024-12-18 17:30:11.297] [error] No such file: "inst/app/rasters/2024_12_11_SDM_100m_Bowen_Island/Bird_mask/Phalacrocorax.penicillatus_BowenIsland_100m.tif" in "/home/jay/Programming_Projects/bowen.biodiversity.webapp/inst/app/zonation/zonation_input/features.txt" line 136
[2024-12-18 17:30:11.297] [error] No such file: "inst/app/rasters/2024_12_11_SDM_100m_Bowen_Island/Bird_mask/Phalaropus.lobatus_BowenIsland_100m.tif" in "/home/jay/Programming_Projects/bowen.biodiversity.webapp/inst/app/zonation/zonation_input/features.txt" line 137
[2024-12-18 17:30:11.297] [error] No such file: "inst/app/rasters/2024_12_11_SDM_100m_Bowen_Island/Bird_mask/Pheucticus.melanocephalus_BowenIsland_100m.tif" in "/home/jay/Programming_Projects/bowen.biodiversity.webapp/inst/app/zonation/zonation_input/features.txt" line 138
[2024-12-18 17:30:11.297] [error] No such file: "inst/app/rasters/2024_12_11_SDM_100m_Bowen_Island/Bird_mask/Picoides.pubescens_BowenIsland_100m.tif" in "/home/jay/Programming_Projects/bowen.biodiversity.webapp/inst/app/zonation/zonation_input/features.txt" line 139
[2024-12-18 17:30:11.297] [error] No such file: "inst/app/rasters/2024_12_11_SDM_100m_Bowen_Island/Bird_mask/Picoides.villosus_BowenIsland_100m.tif" in "/home/jay/Programming_Projects/bowen.biodiversity.webapp/inst/app/zonation/zonation_input/features.txt" line 140
[2024-12-18 17:30:11.297] [error] No such file: "inst/app/rasters/2024_12_11_SDM_100m_Bowen_Island/Bird_mask/Pipilo.maculatus_BowenIsland_100m.tif" in "/home/jay/Programming_Projects/bowen.biodiversity.webapp/inst/app/zonation/zonation_input/features.txt" line 141
[2024-12-18 17:30:11.297] [error] No such file: "inst/app/rasters/2024_12_11_SDM_100m_Bowen_Island/Bird_mask/Piranga.ludoviciana_BowenIsland_100m.tif" in "/home/jay/Programming_Projects/bowen.biodiversity.webapp/inst/app/zonation/zonation_input/features.txt" line 142
[2024-12-18 17:30:11.297] [error] No such file: "inst/app/rasters/2024_12_11_SDM_100m_Bowen_Island/Bird_mask/Podiceps.auritus_BowenIsland_100m.tif" in "/home/jay/Programming_Projects/bowen.biodiversity.webapp/inst/app/zonation/zonation_input/features.txt" line 143
[2024-12-18 17:30:11.297] [error] No such file: "inst/app/rasters/2024_12_11_SDM_100m_Bowen_Island/Bird_mask/Podiceps.grisegena_BowenIsland_100m.tif" in "/home/jay/Programming_Projects/bowen.biodiversity.webapp/inst/app/zonation/zonation_input/features.txt" line 144
[2024-12-18 17:30:11.297] [error] No such file: "inst/app/rasters/2024_12_11_SDM_100m_Bowen_Island/Bird_mask/Podiceps.nigricollis_BowenIsland_100m.tif" in "/home/jay/Programming_Projects/bowen.biodiversity.webapp/inst/app/zonation/zonation_input/features.txt" line 145
[2024-12-18 17:30:11.297] [error] No such file: "inst/app/rasters/2024_12_11_SDM_100m_Bowen_Island/Bird_mask/Podilymbus.podiceps_BowenIsland_100m.tif" in "/home/jay/Programming_Projects/bowen.biodiversity.webapp/inst/app/zonation/zonation_input/features.txt" line 146
[2024-12-18 17:30:11.297] [error] No such file: "inst/app/rasters/2024_12_11_SDM_100m_Bowen_Island/Bird_mask/Poecile.rufescens_BowenIsland_100m.tif" in "/home/jay/Programming_Projects/bowen.biodiversity.webapp/inst/app/zonation/zonation_input/features.txt" line 147
[2024-12-18 17:30:11.297] [error] No such file: "inst/app/rasters/2024_12_11_SDM_100m_Bowen_Island/Bird_mask/Porzana.carolina_BowenIsland_100m.tif" in "/home/jay/Programming_Projects/bowen.biodiversity.webapp/inst/app/zonation/zonation_input/features.txt" line 148
[2024-12-18 17:30:11.297] [error] No such file: "inst/app/rasters/2024_12_11_SDM_100m_Bowen_Island/Bird_mask/Progne.subis_BowenIsland_100m.tif" in "/home/jay/Programming_Projects/bowen.biodiversity.webapp/inst/app/zonation/zonation_input/features.txt" line 149
[2024-12-18 17:30:11.297] [error] No such file: "inst/app/rasters/2024_12_11_SDM_100m_Bowen_Island/Bird_mask/Psaltriparus.minimus_BowenIsland_100m.tif" in "/home/jay/Programming_Projects/bowen.biodiversity.webapp/inst/app/zonation/zonation_input/features.txt" line 150
[2024-12-18 17:30:11.297] [error] No such file: "inst/app/rasters/2024_12_11_SDM_100m_Bowen_Island/Bird_mask/Rallus.limicola_BowenIsland_100m.tif" in "/home/jay/Programming_Projects/bowen.biodiversity.webapp/inst/app/zonation/zonation_input/features.txt" line 151
[2024-12-18 17:30:11.297] [error] No such file: "inst/app/rasters/2024_12_11_SDM_100m_Bowen_Island/Bird_mask/Regulus.calendula_BowenIsland_100m.tif" in "/home/jay/Programming_Projects/bowen.biodiversity.webapp/inst/app/zonation/zonation_input/features.txt" line 152
[2024-12-18 17:30:11.297] [error] No such file: "inst/app/rasters/2024_12_11_SDM_100m_Bowen_Island/Bird_mask/Regulus.satrapa_BowenIsland_100m.tif" in "/home/jay/Programming_Projects/bowen.biodiversity.webapp/inst/app/zonation/zonation_input/features.txt" line 153
[2024-12-18 17:30:11.297] [error] No such file: "inst/app/rasters/2024_12_11_SDM_100m_Bowen_Island/Bird_mask/Riparia.riparia_BowenIsland_100m.tif" in "/home/jay/Programming_Projects/bowen.biodiversity.webapp/inst/app/zonation/zonation_input/features.txt" line 154
[2024-12-18 17:30:11.297] [error] No such file: "inst/app/rasters/2024_12_11_SDM_100m_Bowen_Island/Bird_mask/Sayornis.saya_BowenIsland_100m.tif" in "/home/jay/Programming_Projects/bowen.biodiversity.webapp/inst/app/zonation/zonation_input/features.txt" line 155
[2024-12-18 17:30:11.297] [error] No such file: "inst/app/rasters/2024_12_11_SDM_100m_Bowen_Island/Bird_mask/Selasphorus.rufus_BowenIsland_100m.tif" in "/home/jay/Programming_Projects/bowen.biodiversity.webapp/inst/app/zonation/zonation_input/features.txt" line 156
[2024-12-18 17:30:11.297] [error] No such file: "inst/app/rasters/2024_12_11_SDM_100m_Bowen_Island/Bird_mask/Setophaga.coronata_BowenIsland_100m.tif" in "/home/jay/Programming_Projects/bowen.biodiversity.webapp/inst/app/zonation/zonation_input/features.txt" line 157
[2024-12-18 17:30:11.297] [error] No such file: "inst/app/rasters/2024_12_11_SDM_100m_Bowen_Island/Bird_mask/Setophaga.nigrescens_BowenIsland_100m.tif" in "/home/jay/Programming_Projects/bowen.biodiversity.webapp/inst/app/zonation/zonation_input/features.txt" line 158
[2024-12-18 17:30:11.297] [error] No such file: "inst/app/rasters/2024_12_11_SDM_100m_Bowen_Island/Bird_mask/Sialia.currucoides_BowenIsland_100m.tif" in "/home/jay/Programming_Projects/bowen.biodiversity.webapp/inst/app/zonation/zonation_input/features.txt" line 159
[2024-12-18 17:30:11.297] [error] No such file: "inst/app/rasters/2024_12_11_SDM_100m_Bowen_Island/Bird_mask/Sitta.canadensis_BowenIsland_100m.tif" in "/home/jay/Programming_Projects/bowen.biodiversity.webapp/inst/app/zonation/zonation_input/features.txt" line 160
[2024-12-18 17:30:11.297] [error] No such file: "inst/app/rasters/2024_12_11_SDM_100m_Bowen_Island/Bird_mask/Sphyrapicus.ruber_BowenIsland_100m.tif" in "/home/jay/Programming_Projects/bowen.biodiversity.webapp/inst/app/zonation/zonation_input/features.txt" line 161
[2024-12-18 17:30:11.297] [error] No such file: "inst/app/rasters/2024_12_11_SDM_100m_Bowen_Island/Bird_mask/Spinus.pinus_BowenIsland_100m.tif" in "/home/jay/Programming_Projects/bowen.biodiversity.webapp/inst/app/zonation/zonation_input/features.txt" line 162
[2024-12-18 17:30:11.297] [error] No such file: "inst/app/rasters/2024_12_11_SDM_100m_Bowen_Island/Bird_mask/Spinus.tristis_BowenIsland_100m.tif" in "/home/jay/Programming_Projects/bowen.biodiversity.webapp/inst/app/zonation/zonation_input/features.txt" line 163
[2024-12-18 17:30:11.297] [error] No such file: "inst/app/rasters/2024_12_11_SDM_100m_Bowen_Island/Bird_mask/Spizella.passerina_BowenIsland_100m.tif" in "/home/jay/Programming_Projects/bowen.biodiversity.webapp/inst/app/zonation/zonation_input/features.txt" line 164
[2024-12-18 17:30:11.297] [error] No such file: "inst/app/rasters/2024_12_11_SDM_100m_Bowen_Island/Bird_mask/Stelgidopteryx.serripennis_BowenIsland_100m.tif" in "/home/jay/Programming_Projects/bowen.biodiversity.webapp/inst/app/zonation/zonation_input/features.txt" line 165
[2024-12-18 17:30:11.297] [error] No such file: "inst/app/rasters/2024_12_11_SDM_100m_Bowen_Island/Bird_mask/Stercorarius.parasiticus_BowenIsland_100m.tif" in "/home/jay/Programming_Projects/bowen.biodiversity.webapp/inst/app/zonation/zonation_input/features.txt" line 166
[2024-12-18 17:30:11.297] [error] No such file: "inst/app/rasters/2024_12_11_SDM_100m_Bowen_Island/Bird_mask/Strix.varia_BowenIsland_100m.tif" in "/home/jay/Programming_Projects/bowen.biodiversity.webapp/inst/app/zonation/zonation_input/features.txt" line 167
[2024-12-18 17:30:11.297] [error] No such file: "inst/app/rasters/2024_12_11_SDM_100m_Bowen_Island/Bird_mask/Synthliboramphus.antiquus_BowenIsland_100m.tif" in "/home/jay/Programming_Projects/bowen.biodiversity.webapp/inst/app/zonation/zonation_input/features.txt" line 168
[2024-12-18 17:30:11.297] [error] No such file: "inst/app/rasters/2024_12_11_SDM_100m_Bowen_Island/Bird_mask/Tachycineta.bicolor_BowenIsland_100m.tif" in "/home/jay/Programming_Projects/bowen.biodiversity.webapp/inst/app/zonation/zonation_input/features.txt" line 169
[2024-12-18 17:30:11.297] [error] No such file: "inst/app/rasters/2024_12_11_SDM_100m_Bowen_Island/Bird_mask/Thryomanes.bewickii_BowenIsland_100m.tif" in "/home/jay/Programming_Projects/bowen.biodiversity.webapp/inst/app/zonation/zonation_input/features.txt" line 170
[2024-12-18 17:30:11.297] [error] No such file: "inst/app/rasters/2024_12_11_SDM_100m_Bowen_Island/Bird_mask/Tringa.incana_BowenIsland_100m.tif" in "/home/jay/Programming_Projects/bowen.biodiversity.webapp/inst/app/zonation/zonation_input/features.txt" line 171
[2024-12-18 17:30:11.297] [error] No such file: "inst/app/rasters/2024_12_11_SDM_100m_Bowen_Island/Bird_mask/Tringa.melanoleuca_BowenIsland_100m.tif" in "/home/jay/Programming_Projects/bowen.biodiversity.webapp/inst/app/zonation/zonation_input/features.txt" line 172
[2024-12-18 17:30:11.297] [error] No such file: "inst/app/rasters/2024_12_11_SDM_100m_Bowen_Island/Bird_mask/Tringa.solitaria_BowenIsland_100m.tif" in "/home/jay/Programming_Projects/bowen.biodiversity.webapp/inst/app/zonation/zonation_input/features.txt" line 173
[2024-12-18 17:30:11.297] [error] No such file: "inst/app/rasters/2024_12_11_SDM_100m_Bowen_Island/Bird_mask/Troglodytes.aedon_BowenIsland_100m.tif" in "/home/jay/Programming_Projects/bowen.biodiversity.webapp/inst/app/zonation/zonation_input/features.txt" line 174
[2024-12-18 17:30:11.297] [error] No such file: "inst/app/rasters/2024_12_11_SDM_100m_Bowen_Island/Bird_mask/Troglodytes.pacificus_BowenIsland_100m.tif" in "/home/jay/Programming_Projects/bowen.biodiversity.webapp/inst/app/zonation/zonation_input/features.txt" line 175
[2024-12-18 17:30:11.297] [error] No such file: "inst/app/rasters/2024_12_11_SDM_100m_Bowen_Island/Bird_mask/Turdus.migratorius_BowenIsland_100m.tif" in "/home/jay/Programming_Projects/bowen.biodiversity.webapp/inst/app/zonation/zonation_input/features.txt" line 176
[2024-12-18 17:30:11.297] [error] No such file: "inst/app/rasters/2024_12_11_SDM_100m_Bowen_Island/Bird_mask/Vireo.cassinii_BowenIsland_100m.tif" in "/home/jay/Programming_Projects/bowen.biodiversity.webapp/inst/app/zonation/zonation_input/features.txt" line 177
[2024-12-18 17:30:11.297] [error] No such file: "inst/app/rasters/2024_12_11_SDM_100m_Bowen_Island/Bird_mask/Vireo.gilvus_BowenIsland_100m.tif" in "/home/jay/Programming_Projects/bowen.biodiversity.webapp/inst/app/zonation/zonation_input/features.txt" line 178
[2024-12-18 17:30:11.297] [error] No such file: "inst/app/rasters/2024_12_11_SDM_100m_Bowen_Island/Bird_mask/Vireo.huttoni_BowenIsland_100m.tif" in "/home/jay/Programming_Projects/bowen.biodiversity.webapp/inst/app/zonation/zonation_input/features.txt" line 179
[2024-12-18 17:30:11.297] [error] No such file: "inst/app/rasters/2024_12_11_SDM_100m_Bowen_Island/Bird_mask/Vireo.olivaceus_BowenIsland_100m.tif" in "/home/jay/Programming_Projects/bowen.biodiversity.webapp/inst/app/zonation/zonation_input/features.txt" line 180
[2024-12-18 17:30:11.297] [error] No such file: "inst/app/rasters/2024_12_11_SDM_100m_Bowen_Island/Bird_mask/Zenaida.macroura_BowenIsland_100m.tif" in "/home/jay/Programming_Projects/bowen.biodiversity.webapp/inst/app/zonation/zonation_input/features.txt" line 181
[2024-12-18 17:30:11.297] [error] No such file: "inst/app/rasters/2024_12_11_SDM_100m_Bowen_Island/Bird_mask/Zonotrichia.albicollis_BowenIsland_100m.tif" in "/home/jay/Programming_Projects/bowen.biodiversity.webapp/inst/app/zonation/zonation_input/features.txt" line 182
[2024-12-18 17:30:11.297] [error] No such file: "inst/app/rasters/2024_12_11_SDM_100m_Bowen_Island/Bird_mask/Zonotrichia.atricapilla_BowenIsland_100m.tif" in "/home/jay/Programming_Projects/bowen.biodiversity.webapp/inst/app/zonation/zonation_input/features.txt" line 183
[2024-12-18 17:30:11.297] [error] No such file: "inst/app/rasters/2024_12_11_SDM_100m_Bowen_Island/Bird_mask/Zonotrichia.leucophrys_BowenIsland_100m.tif" in "/home/jay/Programming_Projects/bowen.biodiversity.webapp/inst/app/zonation/zonation_input/features.txt" line 184
[2024-12-18 17:30:11.297] [error] No such file: "inst/app/rasters/2024_12_11_SDM_100m_Bowen_Island/Fish_mask/Oncorhynchus.kisutch_BowenIsland_100m.tif" in "/home/jay/Programming_Projects/bowen.biodiversity.webapp/inst/app/zonation/zonation_input/features.txt" line 185
[2024-12-18 17:30:11.297] [error] No such file: "inst/app/rasters/2024_12_11_SDM_100m_Bowen_Island/MammalSmall_mask/Glaucomys.sabrinus_BowenIsland_100m.tif" in "/home/jay/Programming_Projects/bowen.biodiversity.webapp/inst/app/zonation/zonation_input/features.txt" line 186
[2024-12-18 17:30:11.297] [error] No such file: "inst/app/rasters/2024_12_11_SDM_100m_Bowen_Island/MammalSmall_mask/Microtus.townsendii_BowenIsland_100m.tif" in "/home/jay/Programming_Projects/bowen.biodiversity.webapp/inst/app/zonation/zonation_input/features.txt" line 187
[2024-12-18 17:30:11.297] [error] No such file: "inst/app/rasters/2024_12_11_SDM_100m_Bowen_Island/MammalSmall_mask/Mustela.erminea_BowenIsland_100m.tif" in "/home/jay/Programming_Projects/bowen.biodiversity.webapp/inst/app/zonation/zonation_input/features.txt" line 188
[2024-12-18 17:30:11.297] [error] No such file: "inst/app/rasters/2024_12_11_SDM_100m_Bowen_Island/MammalSmall_mask/Myotis.lucifugus_BowenIsland_100m.tif" in "/home/jay/Programming_Projects/bowen.biodiversity.webapp/inst/app/zonation/zonation_input/features.txt" line 189
[2024-12-18 17:30:11.297] [error] No such file: "inst/app/rasters/2024_12_11_SDM_100m_Bowen_Island/MammalSmall_mask/Neovison.vison_BowenIsland_100m.tif" in "/home/jay/Programming_Projects/bowen.biodiversity.webapp/inst/app/zonation/zonation_input/features.txt" line 190
[2024-12-18 17:30:11.297] [error] No such file: "inst/app/rasters/2024_12_11_SDM_100m_Bowen_Island/MammalSmall_mask/Sorex.cinereus_BowenIsland_100m.tif" in "/home/jay/Programming_Projects/bowen.biodiversity.webapp/inst/app/zonation/zonation_input/features.txt" line 191
[2024-12-18 17:30:11.297] [error] No such file: "inst/app/rasters/2024_12_11_SDM_100m_Bowen_Island/MammalSmall_mask/Sorex.monticolus_BowenIsland_100m.tif" in "/home/jay/Programming_Projects/bowen.biodiversity.webapp/inst/app/zonation/zonation_input/features.txt" line 192
[2024-12-18 17:30:11.297] [error] No such file: "inst/app/rasters/2024_12_11_SDM_100m_Bowen_Island/Reptile_mask/Thamnophis.elegans_BowenIsland_100m.tif" in "/home/jay/Programming_Projects/bowen.biodiversity.webapp/inst/app/zonation/zonation_input/features.txt" line 193
[2024-12-18 17:30:11.297] [error] No such file: "inst/app/rasters/2024_12_11_SDM_100m_Bowen_Island/Reptile_mask/Thamnophis.ordinoides_BowenIsland_100m.tif" in "/home/jay/Programming_Projects/bowen.biodiversity.webapp/inst/app/zonation/zonation_input/features.txt" line 194
[2024-12-18 17:30:11.297] [error] No such file: "inst/app/rasters/2024_12_11_SDM_100m_Bowen_Island/Reptile_mask/Thamnophis.sirtalis_BowenIsland_100m.tif" in "/home/jay/Programming_Projects/bowen.biodiversity.webapp/inst/app/zonation/zonation_input/features.txt" line 195
[2024-12-18 17:30:11.297] [error] No such file: "inst/app/rasters/2024_12_12_Environment_100m_Bowen_Island/2024_12_12_human_footprint_100m_Bowen_Islands.tif" in "/home/jay/Programming_Projects/bowen.biodiversity.webapp/inst/app/zonation/zonation_input/features.txt" line 196
[2024-12-18 17:30:11.297] [error] No such file: "inst/app/rasters/2024_12_12_Environment_100m_Bowen_Island/2024_12_12_OGMA.tif" in "/home/jay/Programming_Projects/bowen.biodiversity.webapp/inst/app/zonation/zonation_input/features.txt" line 197
[2024-12-18 17:30:11.297] [error] No such file: "inst/app/rasters/2024_12_12_Environment_100m_Bowen_Island/bowen_sei_freshwater.tif" in "/home/jay/Programming_Projects/bowen.biodiversity.webapp/inst/app/zonation/zonation_input/features.txt" line 198
[2024-12-18 17:30:11.297] [error] No such file: "inst/app/rasters/2024_12_12_Environment_100m_Bowen_Island/bowen_sei_oldforest.tif" in "/home/jay/Programming_Projects/bowen.biodiversity.webapp/inst/app/zonation/zonation_input/features.txt" line 199
[2024-12-18 17:30:11.297] [error] No such file: "inst/app/rasters/2024_12_12_Environment_100m_Bowen_Island/bowen_sei_riparian.tif" in "/home/jay/Programming_Projects/bowen.biodiversity.webapp/inst/app/zonation/zonation_input/features.txt" line 200
[2024-12-18 17:30:11.297] [error] No such file: "inst/app/rasters/2024_12_12_Environment_100m_Bowen_Island/bowen_sei_wetland.tif" in "/home/jay/Programming_Projects/bowen.biodiversity.webapp/inst/app/zonation/zonation_input/features.txt" line 201
[2024-12-18 17:30:11.300] [error] Errors while loading project
