[2025-05-05 19:37:18.942] [info] Zonation 5 v2.2
[2025-05-05 19:37:18.943] [info] Arguments given: -a -w --mode=CAZ2 /home/jay/Programming_Projects/bowen.biodiversity.webapp/vignettes/zonation/settings.z5 /home/jay/Programming_Projects/bowen.biodiversity.webapp/vignettes/zonation/output
[2025-05-05 19:37:18.943] [info] Using 8-bit quantization
[2025-05-05 19:37:18.943] [info] Using 8 threads for computation
[2025-05-05 19:37:18.943] [info] Loading project "/home/jay/Programming_Projects/bowen.biodiversity.webapp/vignettes/zonation/settings.z5"
[2025-05-05 19:37:18.943] [info] Using setting: feature list file = features.txt
[2025-05-05 19:37:18.943] [info] Using setting: analysis area mask layer = /home/jay/Programming_Projects/bowen.biodiversity.webapp/inst/extdata/bowen_mask.tif
[2025-05-05 19:37:18.943] [info] Using default setting: curves output interval = 9.99999975e-05
[2025-05-05 19:37:18.943] [info] Using default setting: max iterations = 500
[2025-05-05 19:37:18.943] [info] Using default setting: mean ranking error threshold = 0.00999999978
[2025-05-05 19:37:18.943] [info] Using default setting: smoothing factor = 0
[2025-05-05 19:37:18.943] [info] Using default setting: stop on plateau = 0
[2025-05-05 19:37:18.943] [info] Using default setting: zero mode = all
[2025-05-05 19:37:18.943] [info] Using default setting: stop after preprocessing = 0
[2025-05-05 19:37:18.943] [info] Using default setting: quantization error warning threshold = 20
[2025-05-05 19:37:18.943] [info] Loading feature layer information from "/home/jay/Programming_Projects/bowen.biodiversity.webapp/vignettes/zonation/features.txt"
[2025-05-05 19:37:18.948] [info] Validating project
[2025-05-05 19:37:19.083] [info] Analysis area: all
[2025-05-05 19:37:19.083] [info] Reading layer data
[2025-05-05 19:37:19.151] [info] Reading analysis area mask
[2025-05-05 19:37:19.160] [info] Gathering data statistics
[2025-05-05 19:37:19.234] [info] Map dimensions (width * height): 96*108
[2025-05-05 19:37:19.234] [info] Number of grid cells in map (width * height): 10368
[2025-05-05 19:37:19.234] [info] Number of grid cells in map with data: 5408
[2025-05-05 19:37:19.234] [info] Input feature layer count: 228
[2025-05-05 19:37:19.234] [info] Feature layer count: 228
[2025-05-05 19:37:19.234] [info] Positive weight feature count: 228
[2025-05-05 19:37:19.234] [info] Negative weight feature count: 0
[2025-05-05 19:37:19.234] [info] Zero weight feature count: 0
[2025-05-05 19:37:19.234] [info] Total number of pixels with data across features: 1066882
[2025-05-05 19:37:19.234] [info] Reading feature layers
[2025-05-05 19:37:19.314] [info] Mean feature extent across study area: 100.00%
[2025-05-05 19:37:19.314] [info] Memory usage of feature data: 1.12MB
[2025-05-05 19:37:19.314] [info] Mean quantization error: 0.00218962%
[2025-05-05 19:37:19.314] [info] Time used to read and preprocess layer data: 0s
[2025-05-05 19:37:19.314] [info] Computing priority rank
[2025-05-05 19:37:19.321] [info] Iteration 0, mean ranking error 5.40192%, mean rank change 3.8632%
[2025-05-05 19:37:19.323] [info] Iteration 1, mean ranking error 3.12267%, mean rank change 1.50595%
[2025-05-05 19:37:19.325] [info] Iteration 2, mean ranking error 2.15192%, mean rank change 0.981411%
[2025-05-05 19:37:19.327] [info] Iteration 3, mean ranking error 1.56961%, mean rank change 0.708304%
[2025-05-05 19:37:19.328] [info] Iteration 4, mean ranking error 1.20386%, mean rank change 0.538055%
[2025-05-05 19:37:19.331] [info] Iteration 5, mean ranking error 0.962561%, mean rank change 0.420892%
[2025-05-05 19:37:19.333] [info] Iteration 6, mean ranking error 0.780147%, mean rank change 0.337436%
[2025-05-05 19:37:19.335] [info] Iteration 7, mean ranking error 0.633819%, mean rank change 0.275138%
[2025-05-05 19:37:19.337] [info] Iteration 8, mean ranking error 0.531566%, mean rank change 0.227795%
[2025-05-05 19:37:19.339] [info] Iteration 9, mean ranking error 0.457472%, mean rank change 0.191333%
[2025-05-05 19:37:19.341] [info] Iteration 10, mean ranking error 0.391082%, mean rank change 0.162283%
[2025-05-05 19:37:19.343] [info] Iteration 11, mean ranking error 0.332472%, mean rank change 0.137213%
[2025-05-05 19:37:19.345] [info] Iteration 12, mean ranking error 0.300121%, mean rank change 0.118948%
[2025-05-05 19:37:19.347] [info] Iteration 13, mean ranking error 0.251842%, mean rank change 0.103513%
[2025-05-05 19:37:19.348] [info] Iteration 14, mean ranking error 0.223384%, mean rank change 0.0897818%
[2025-05-05 19:37:19.350] [info] Iteration 15, mean ranking error 0.200741%, mean rank change 0.0793737%
[2025-05-05 19:37:19.352] [info] Iteration 16, mean ranking error 0.186603%, mean rank change 0.0702376%
[2025-05-05 19:37:19.354] [info] Iteration 17, mean ranking error 0.169166%, mean rank change 0.0625512%
[2025-05-05 19:37:19.356] [info] Iteration 18, mean ranking error 0.147985%, mean rank change 0.0559726%
[2025-05-05 19:37:19.358] [info] Iteration 19, mean ranking error 0.129156%, mean rank change 0.0496265%
[2025-05-05 19:37:19.360] [info] Iteration 20, mean ranking error 0.118789%, mean rank change 0.0444088%
[2025-05-05 19:37:19.362] [info] Iteration 21, mean ranking error 0.101243%, mean rank change 0.0391637%
[2025-05-05 19:37:19.364] [info] Iteration 22, mean ranking error 0.0895996%, mean rank change 0.0359633%
[2025-05-05 19:37:19.366] [info] Iteration 23, mean ranking error 0.084361%, mean rank change 0.0330160%
[2025-05-05 19:37:19.368] [info] Iteration 24, mean ranking error 0.0759326%, mean rank change 0.0295831%
[2025-05-05 19:37:19.370] [info] Iteration 25, mean ranking error 0.0690884%, mean rank change 0.0264989%
[2025-05-05 19:37:19.372] [info] Iteration 26, mean ranking error 0.0631681%, mean rank change 0.0240166%
[2025-05-05 19:37:19.375] [info] Iteration 27, mean ranking error 0.0546436%, mean rank change 0.022177%
[2025-05-05 19:37:19.377] [info] Iteration 28, mean ranking error 0.0495027%, mean rank change 0.0200366%
[2025-05-05 19:37:19.379] [info] Iteration 29, mean ranking error 0.0447086%, mean rank change 0.017821%
[2025-05-05 19:37:19.381] [info] Iteration 30, mean ranking error 0.0410751%, mean rank change 0.0165969%
[2025-05-05 19:37:19.383] [info] Iteration 31, mean ranking error 0.0362801%, mean rank change 0.0152087%
[2025-05-05 19:37:19.386] [info] Iteration 32, mean ranking error 0.0336394%, mean rank change 0.0141282%
[2025-05-05 19:37:19.388] [info] Iteration 33, mean ranking error 0.0294454%, mean rank change 0.0129862%
[2025-05-05 19:37:19.390] [info] Iteration 34, mean ranking error 0.0258719%, mean rank change 0.0117689%
[2025-05-05 19:37:19.393] [info] Iteration 35, mean ranking error 0.0260663%, mean rank change 0.0108252%
[2025-05-05 19:37:19.395] [info] Iteration 36, mean ranking error 0.0228443%, mean rank change 0.0100799%
[2025-05-05 19:37:19.397] [info] Iteration 37, mean ranking error 0.0209450%, mean rank change 0.00888996%
[2025-05-05 19:37:19.399] [info] Iteration 38, mean ranking error 0.0183747%, mean rank change 0.00810354%
[2025-05-05 19:37:19.402] [info] Iteration 39, mean ranking error 0.0177735%, mean rank change 0.00776162%
[2025-05-05 19:37:19.404] [info] Iteration 40, mean ranking error 0.015557%, mean rank change 0.00712565%
[2025-05-05 19:37:19.406] [info] Iteration 41, mean ranking error 0.0147189%, mean rank change 0.00651703%
[2025-05-05 19:37:19.409] [info] Iteration 42, mean ranking error 0.0132329%, mean rank change 0.00573745%
[2025-05-05 19:37:19.411] [info] Iteration 43, mean ranking error 0.0103857%, mean rank change 0.00503309%
[2025-05-05 19:37:19.413] [info] Iteration 44, mean ranking error 0.00915422%, mean rank change 0.00461594%
[2025-05-05 19:37:19.413] [info] Time used in prioritization: 0s
[2025-05-05 19:37:19.413] [info] Number of iterations: 45
[2025-05-05 19:37:19.413] [info] Final convergence level: 0.00915422%
[2025-05-05 19:37:19.413] [info] Area under curve: 0.566453
[2025-05-05 19:37:19.413] [info] Writing feature info
[2025-05-05 19:37:19.413] [info] Writing feature curves
[2025-05-05 19:37:19.713] [info] Writing priority rank map
[2025-05-05 19:37:19.714] [info] Total time used: 0s
[2025-05-05 19:37:19.714] [info] Number of errors: 0
[2025-05-05 19:37:19.714] [info] Number of warnings: 0
[2025-05-05 19:37:19.714] [info] Done
